<?xml version="1.0" encoding="UTF-8"?>
<testng-results ignored="0" total="1" passed="1" failed="0" skipped="0">
  <reporter-output>
  </reporter-output>
  <suite started-at="2022-10-28T20:50:34 IST" name="Default suite" finished-at="2022-10-28T20:50:45 IST" duration-ms="11518">
    <groups>
    </groups>
    <test started-at="2022-10-28T20:50:34 IST" name="Default test" finished-at="2022-10-28T20:50:45 IST" duration-ms="11518">
      <class name="TestMethods.FirstTest">
        <test-method is-config="true" signature="setup()[pri:0, instance:TestMethods.FirstTest@6eda5c9]" started-at="2022-10-28T20:50:34 IST" name="setup" finished-at="2022-10-28T20:50:39 IST" duration-ms="5030" status="PASS">
          <reporter-output>
          </reporter-output>
        </test-method> <!-- setup -->
        <test-method signature="test()[pri:0, instance:TestMethods.FirstTest@6eda5c9]" started-at="2022-10-28T20:50:39 IST" name="test" finished-at="2022-10-28T20:50:45 IST" duration-ms="6423" status="PASS">
          <reporter-output>
          </reporter-output>
        </test-method> <!-- test -->
      </class> <!-- TestMethods.FirstTest -->
    </test> <!-- Default test -->
  </suite> <!-- Default suite -->
</testng-results>
